\BOOKMARK [0][-]{chapter.11}{重积分及其应用}{}% 1
\BOOKMARK [1][-]{section.11.1}{概念与性质}{chapter.11}% 2
\BOOKMARK [1][-]{section.11.2}{二重重积分的计算}{chapter.11}% 3
\BOOKMARK [2][-]{subsection.11.2.1}{在直角坐标系下计算}{section.11.2}% 4
\BOOKMARK [2][-]{subsection.11.2.2}{在极坐标系下计算}{section.11.2}% 5
\BOOKMARK [2][-]{subsection.11.2.3}{对称性的应用}{section.11.2}% 6
\BOOKMARK [1][-]{section.11.3}{三重积分的计算}{chapter.11}% 7
\BOOKMARK [2][-]{subsection.11.3.1}{在直角坐标系下计算}{section.11.3}% 8
\BOOKMARK [3][-]{section*.2}{【微元法（投影法）】}{subsection.11.3.1}% 9
\BOOKMARK [3][-]{section*.3}{【截面法】}{subsection.11.3.1}% 10
\BOOKMARK [2][-]{subsection.11.3.2}{在柱坐标下计算}{section.11.3}% 11
\BOOKMARK [2][-]{subsection.11.3.3}{在球坐标下计算}{section.11.3}% 12
\BOOKMARK [1][-]{section.11.4}{重积分的应用}{chapter.11}% 13
\BOOKMARK [2][-]{subsection.11.4.1}{质量}{section.11.4}% 14
\BOOKMARK [2][-]{subsection.11.4.2}{质心（重心、形心）}{section.11.4}% 15
\BOOKMARK [2][-]{subsection.11.4.3}{转动惯量}{section.11.4}% 16
\BOOKMARK [2][-]{subsection.11.4.4}{万有引力}{section.11.4}% 17
\BOOKMARK [2][-]{subsection.11.4.5}{空间曲面的表面积}{section.11.4}% 18
\BOOKMARK [1][-]{section.11.5}{习题课}{chapter.11}% 19
\BOOKMARK [2][-]{subsection.11.5.1}{二重积分的计算}{section.11.5}% 20
\BOOKMARK [2][-]{subsection.11.5.2}{二重积分与坐标变换}{section.11.5}% 21
\BOOKMARK [2][-]{subsection.11.5.3}{三重积分的计算}{section.11.5}% 22
\BOOKMARK [2][-]{subsection.11.5.4}{三重积分与坐标变换}{section.11.5}% 23
\BOOKMARK [2][-]{subsection.11.5.5}{三重积分与坐标变换*}{section.11.5}% 24
\BOOKMARK [2][-]{subsection.11.5.6}{重积分的应用}{section.11.5}% 25
\BOOKMARK [2][-]{subsection.11.5.7}{n重积分*}{section.11.5}% 26
\BOOKMARK [1][-]{section.11.6}{小结}{chapter.11}% 27
\BOOKMARK [1][-]{section*.4}{课后作业}{chapter.11}% 28
